app/build/outputs/logs/manifest-merger-debug-report.txt
-- Merging decision tree log ---
manifest
ADDED from AndroidManifest.xml:2:1
	package
		ADDED from AndroidManifest.xml:3:5
		INJECTED from AndroidManifest.xml:0:0
		INJECTED from AndroidManifest.xml:0:0
	android:versionName
		INJECTED from AndroidManifest.xml:0:0
		INJECTED from AndroidManifest.xml:0:0
	xmlns:android
		ADDED from AndroidManifest.xml:2:11
	android:versionCode
		INJECTED from AndroidManifest.xml:0:0
		INJECTED from AndroidManifest.xml:0:0
uses-permission#android.permission.INTERNET
ADDED from AndroidManifest.xml:5:5
MERGED from com.google.android.gms:play-services-ads:7.8.0:20:5
MERGED from com.google.android.gms:play-services-analytics:7.8.0:21:5
MERGED from com.google.android.gms:play-services-analytics:7.8.0:21:5
MERGED from com.google.android.gms:play-services-appinvite:7.8.0:19:5
MERGED from com.google.android.gms:play-services-maps:7.8.0:21:5
MERGED from com.google.android.gms:play-services-gcm:7.8.0:22:5
MERGED from com.google.android.gms:play-services-maps:7.8.0:21:5
MERGED from com.google.android.gms:play-services-maps:7.8.0:21:5
MERGED from com.google.android.gms:play-services-wallet:7.8.0:20:5
MERGED from com.google.android.gms:play-services-maps:7.8.0:21:5
	android:name
		ADDED from AndroidManifest.xml:5:22
uses-permission#com.google.android.providers.gsf.permission.READ_GSERVICES
ADDED from AndroidManifest.xml:6:5
	android:name
		ADDED from AndroidManifest.xml:6:22
uses-permission#android.permission.WRITE_EXTERNAL_STORAGE
ADDED from AndroidManifest.xml:7:5
MERGED from com.google.android.gms:play-services-maps:7.8.0:22:5
MERGED from com.google.android.gms:play-services-maps:7.8.0:22:5
MERGED from com.google.android.gms:play-services-maps:7.8.0:22:5
MERGED from com.google.android.gms:play-services-maps:7.8.0:22:5
	android:name
		ADDED from AndroidManifest.xml:7:22
uses-feature#0x00020000
ADDED from AndroidManifest.xml:9:5
MERGED from com.google.android.gms:play-services-maps:7.8.0:23:5
MERGED from com.google.android.gms:play-services-maps:7.8.0:23:5
MERGED from com.google.android.gms:play-services-maps:7.8.0:23:5
MERGED from com.google.android.gms:play-services-maps:7.8.0:23:5
	android:glEsVersion
		ADDED from AndroidManifest.xml:10:9
	android:required
		ADDED from AndroidManifest.xml:11:9
application
ADDED from AndroidManifest.xml:13:5
MERGED from com.android.support:appcompat-v7:23.0.1:22:5
MERGED from com.android.support:support-v4:23.0.1:22:5
MERGED from com.android.support:design:23.0.0:22:5
MERGED from com.android.support:appcompat-v7:23.0.1:22:5
MERGED from com.android.support:support-v4:23.0.1:22:5
MERGED from com.android.support:support-v4:23.0.1:22:5
MERGED from com.android.support:cardview-v7:23.0.0:22:5
MERGED from com.android.support:support-v4:23.0.1:22:5
MERGED from com.google.android.gms:play-services:7.8.0:19:5
MERGED from com.google.android.gms:play-services-ads:7.8.0:24:5
MERGED from com.google.android.gms:play-services-base:7.8.0:20:5
MERGED from com.android.support:support-v4:23.0.1:22:5
MERGED from com.google.android.gms:play-services-analytics:7.8.0:24:5
MERGED from com.google.android.gms:play-services-base:7.8.0:20:5
MERGED from com.android.support:support-v4:23.0.1:22:5
MERGED from com.google.android.gms:play-services-appindexing:7.8.0:19:5
MERGED from com.google.android.gms:play-services-base:7.8.0:20:5
MERGED from com.android.support:support-v4:23.0.1:22:5
MERGED from com.google.android.gms:play-services-analytics:7.8.0:24:5
MERGED from com.google.android.gms:play-services-base:7.8.0:20:5
MERGED from com.android.support:support-v4:23.0.1:22:5
MERGED from com.google.android.gms:play-services-appindexing:7.8.0:19:5
MERGED from com.google.android.gms:play-services-base:7.8.0:20:5
MERGED from com.android.support:support-v4:23.0.1:22:5
MERGED from com.google.android.gms:play-services-appinvite:7.8.0:20:5
MERGED from com.google.android.gms:play-services-base:7.8.0:20:5
MERGED from com.android.support:support-v4:23.0.1:22:5
MERGED from com.google.android.gms:play-services-appstate:7.8.0:19:5
MERGED from com.google.android.gms:play-services-base:7.8.0:20:5
MERGED from com.android.support:support-v4:23.0.1:22:5
MERGED from com.google.android.gms:play-services-base:7.8.0:20:5
MERGED from com.android.support:support-v4:23.0.1:22:5
MERGED from com.google.android.gms:play-services-cast:7.8.0:19:5
MERGED from com.google.android.gms:play-services-base:7.8.0:20:5
MERGED from com.android.support:support-v4:23.0.1:22:5
MERGED from com.android.support:mediarouter-v7:22.2.0:22:5
MERGED from com.android.support:appcompat-v7:23.0.1:22:5
MERGED from com.android.support:support-v4:23.0.1:22:5
MERGED from com.google.android.gms:play-services-drive:7.8.0:19:5
MERGED from com.google.android.gms:play-services-base:7.8.0:20:5
MERGED from com.android.support:support-v4:23.0.1:22:5
MERGED from com.google.android.gms:play-services-fitness:7.8.0:19:5
MERGED from com.google.android.gms:play-services-base:7.8.0:20:5
MERGED from com.android.support:support-v4:23.0.1:22:5
MERGED from com.google.android.gms:play-services-location:7.8.0:19:5
MERGED from com.google.android.gms:play-services-base:7.8.0:20:5
MERGED from com.android.support:support-v4:23.0.1:22:5
MERGED from com.google.android.gms:play-services-maps:7.8.0:28:5
MERGED from com.google.android.gms:play-services-base:7.8.0:20:5
MERGED from com.android.support:support-v4:23.0.1:22:5
MERGED from com.google.android.gms:play-services-games:7.8.0:19:5
MERGED from com.google.android.gms:play-services-base:7.8.0:20:5
MERGED from com.android.support:support-v4:23.0.1:22:5
MERGED from com.google.android.gms:play-services-drive:7.8.0:19:5
MERGED from com.google.android.gms:play-services-base:7.8.0:20:5
MERGED from com.android.support:support-v4:23.0.1:22:5
MERGED from com.google.android.gms:play-services-gcm:7.8.0:24:5
MERGED from com.google.android.gms:play-services-base:7.8.0:20:5
MERGED from com.android.support:support-v4:23.0.1:22:5
MERGED from com.google.android.gms:play-services-identity:7.8.0:19:5
MERGED from com.google.android.gms:play-services-base:7.8.0:20:5
MERGED from com.android.support:support-v4:23.0.1:22:5
MERGED from com.google.android.gms:play-services-location:7.8.0:19:5
MERGED from com.google.android.gms:play-services-base:7.8.0:20:5
MERGED from com.android.support:support-v4:23.0.1:22:5
MERGED from com.google.android.gms:play-services-maps:7.8.0:28:5
MERGED from com.google.android.gms:play-services-base:7.8.0:20:5
MERGED from com.android.support:support-v4:23.0.1:22:5
MERGED from com.google.android.gms:play-services-maps:7.8.0:28:5
MERGED from com.google.android.gms:play-services-base:7.8.0:20:5
MERGED from com.android.support:support-v4:23.0.1:22:5
MERGED from com.google.android.gms:play-services-nearby:7.8.0:20:5
MERGED from com.google.android.gms:play-services-base:7.8.0:20:5
MERGED from com.android.support:support-v4:23.0.1:22:5
MERGED from com.google.android.gms:play-services-panorama:7.8.0:19:5
MERGED from com.google.android.gms:play-services-base:7.8.0:20:5
MERGED from com.android.support:support-v4:23.0.1:22:5
MERGED from com.google.android.gms:play-services-plus:7.8.0:19:5
MERGED from com.google.android.gms:play-services-base:7.8.0:20:5
MERGED from com.android.support:support-v4:23.0.1:22:5
MERGED from com.google.android.gms:play-services-safetynet:7.8.0:19:5
MERGED from com.google.android.gms:play-services-base:7.8.0:20:5
MERGED from com.android.support:support-v4:23.0.1:22:5
MERGED from com.google.android.gms:play-services-vision:7.8.0:5:5
MERGED from com.google.android.gms:play-services-base:7.8.0:20:5
MERGED from com.android.support:support-v4:23.0.1:22:5
MERGED from com.google.android.gms:play-services-base:7.8.0:20:5
MERGED from com.android.support:support-v4:23.0.1:22:5
MERGED from com.google.android.gms:play-services-identity:7.8.0:19:5
MERGED from com.google.android.gms:play-services-base:7.8.0:20:5
MERGED from com.android.support:support-v4:23.0.1:22:5
MERGED from com.google.android.gms:play-services-maps:7.8.0:28:5
MERGED from com.google.android.gms:play-services-base:7.8.0:20:5
MERGED from com.android.support:support-v4:23.0.1:22:5
MERGED from com.google.android.gms:play-services-wearable:7.8.0:19:5
MERGED from com.google.android.gms:play-services-base:7.8.0:20:5
MERGED from com.android.support:support-v4:23.0.1:22:5
	android:label
		ADDED from AndroidManifest.xml:17:9
	android:allowBackup
		ADDED from AndroidManifest.xml:15:9
	android:icon
		ADDED from AndroidManifest.xml:16:9
	android:theme
		ADDED from AndroidManifest.xml:18:9
	android:name
		ADDED from AndroidManifest.xml:14:9
activity#org.grameenfoundation.applabs.ledgerlinkmanager.LoginActivity
ADDED from AndroidManifest.xml:19:9
	android:screenOrientation
		ADDED from AndroidManifest.xml:21:13
	android:theme
		ADDED from AndroidManifest.xml:22:13
	android:name
		ADDED from AndroidManifest.xml:20:13
intent-filter#android.intent.action.MAIN+android.intent.category.LAUNCHER
ADDED from AndroidManifest.xml:24:13
action#android.intent.action.MAIN
ADDED from AndroidManifest.xml:25:17
	android:name
		ADDED from AndroidManifest.xml:25:25
category#android.intent.category.LAUNCHER
ADDED from AndroidManifest.xml:27:17
	android:name
		ADDED from AndroidManifest.xml:27:27
activity#org.grameenfoundation.applabs.ledgerlinkmanager.MainActivity
ADDED from AndroidManifest.xml:30:9
	android:screenOrientation
		ADDED from AndroidManifest.xml:33:13
	android:label
		ADDED from AndroidManifest.xml:32:13
	android:name
		ADDED from AndroidManifest.xml:31:13
activity#org.grameenfoundation.applabs.ledgerlinkmanager.SearchResults
ADDED from AndroidManifest.xml:34:9
	android:screenOrientation
		ADDED from AndroidManifest.xml:37:13
	android:label
		ADDED from AndroidManifest.xml:36:13
	android:name
		ADDED from AndroidManifest.xml:35:13
activity#org.grameenfoundation.applabs.ledgerlinkmanager.VslaGroupDetails
ADDED from AndroidManifest.xml:38:9
	android:screenOrientation
		ADDED from AndroidManifest.xml:41:13
	android:label
		ADDED from AndroidManifest.xml:40:13
	android:name
		ADDED from AndroidManifest.xml:39:13
meta-data#com.google.android.gms.version
ADDED from AndroidManifest.xml:43:9
MERGED from com.google.android.gms:play-services-base:7.8.0:21:9
MERGED from com.google.android.gms:play-services-base:7.8.0:21:9
MERGED from com.google.android.gms:play-services-base:7.8.0:21:9
MERGED from com.google.android.gms:play-services-base:7.8.0:21:9
MERGED from com.google.android.gms:play-services-base:7.8.0:21:9
MERGED from com.google.android.gms:play-services-base:7.8.0:21:9
MERGED from com.google.android.gms:play-services-base:7.8.0:21:9
MERGED from com.google.android.gms:play-services-base:7.8.0:21:9
MERGED from com.google.android.gms:play-services-base:7.8.0:21:9
MERGED from com.google.android.gms:play-services-base:7.8.0:21:9
MERGED from com.google.android.gms:play-services-base:7.8.0:21:9
MERGED from com.google.android.gms:play-services-base:7.8.0:21:9
MERGED from com.google.android.gms:play-services-base:7.8.0:21:9
MERGED from com.google.android.gms:play-services-base:7.8.0:21:9
MERGED from com.google.android.gms:play-services-base:7.8.0:21:9
MERGED from com.google.android.gms:play-services-base:7.8.0:21:9
MERGED from com.google.android.gms:play-services-base:7.8.0:21:9
MERGED from com.google.android.gms:play-services-base:7.8.0:21:9
MERGED from com.google.android.gms:play-services-base:7.8.0:21:9
MERGED from com.google.android.gms:play-services-base:7.8.0:21:9
MERGED from com.google.android.gms:play-services-base:7.8.0:21:9
MERGED from com.google.android.gms:play-services-base:7.8.0:21:9
MERGED from com.google.android.gms:play-services-base:7.8.0:21:9
MERGED from com.google.android.gms:play-services-base:7.8.0:21:9
MERGED from com.google.android.gms:play-services-base:7.8.0:21:9
MERGED from com.google.android.gms:play-services-base:7.8.0:21:9
MERGED from com.google.android.gms:play-services-base:7.8.0:21:9
MERGED from com.google.android.gms:play-services-base:7.8.0:21:9
MERGED from com.google.android.gms:play-services-base:7.8.0:21:9
	android:value
		ADDED from AndroidManifest.xml:45:13
	android:name
		ADDED from AndroidManifest.xml:44:13
meta-data#com.google.android.geo.API_KEY
ADDED from AndroidManifest.xml:46:9
	android:value
		ADDED from AndroidManifest.xml:48:13
	android:name
		ADDED from AndroidManifest.xml:47:13
activity#org.grameenfoundation.applabs.ledgerlinkmanager.PreferencesActivity
ADDED from AndroidManifest.xml:50:9
	android:screenOrientation
		ADDED from AndroidManifest.xml:53:13
	android:label
		ADDED from AndroidManifest.xml:52:13
	android:name
		ADDED from AndroidManifest.xml:51:13
uses-sdk
INJECTED from AndroidManifest.xml:0:0 reason: use-sdk injection requested
MERGED from com.android.support:appcompat-v7:23.0.1:20:5
MERGED from com.android.support:support-v4:23.0.1:20:5
MERGED from com.android.support:design:23.0.0:20:5
MERGED from com.android.support:appcompat-v7:23.0.1:20:5
MERGED from com.android.support:support-v4:23.0.1:20:5
MERGED from com.android.support:support-v4:23.0.1:20:5
MERGED from com.android.support:cardview-v7:23.0.0:20:5
MERGED from com.android.support:recyclerview-v7:23.0.0:20:5
MERGED from com.android.support:support-v4:23.0.1:20:5
MERGED from com.google.android.gms:play-services:7.8.0:18:5
MERGED from com.google.android.gms:play-services-ads:7.8.0:23:5
MERGED from com.google.android.gms:play-services-base:7.8.0:18:5
MERGED from com.android.support:support-v4:23.0.1:20:5
MERGED from com.google.android.gms:play-services-analytics:7.8.0:18:5
MERGED from com.google.android.gms:play-services-base:7.8.0:18:5
MERGED from com.android.support:support-v4:23.0.1:20:5
MERGED from com.google.android.gms:play-services-appindexing:7.8.0:18:5
MERGED from com.google.android.gms:play-services-base:7.8.0:18:5
MERGED from com.android.support:support-v4:23.0.1:20:5
MERGED from com.google.android.gms:play-services-analytics:7.8.0:18:5
MERGED from com.google.android.gms:play-services-base:7.8.0:18:5
MERGED from com.android.support:support-v4:23.0.1:20:5
MERGED from com.google.android.gms:play-services-appindexing:7.8.0:18:5
MERGED from com.google.android.gms:play-services-base:7.8.0:18:5
MERGED from com.android.support:support-v4:23.0.1:20:5
MERGED from com.google.android.gms:play-services-appinvite:7.8.0:18:5
MERGED from com.google.android.gms:play-services-base:7.8.0:18:5
MERGED from com.android.support:support-v4:23.0.1:20:5
MERGED from com.google.android.gms:play-services-appstate:7.8.0:18:5
MERGED from com.google.android.gms:play-services-base:7.8.0:18:5
MERGED from com.android.support:support-v4:23.0.1:20:5
MERGED from com.google.android.gms:play-services-base:7.8.0:18:5
MERGED from com.android.support:support-v4:23.0.1:20:5
MERGED from com.google.android.gms:play-services-cast:7.8.0:18:5
MERGED from com.google.android.gms:play-services-base:7.8.0:18:5
MERGED from com.android.support:support-v4:23.0.1:20:5
MERGED from com.android.support:mediarouter-v7:22.2.0:20:5
MERGED from com.android.support:appcompat-v7:23.0.1:20:5
MERGED from com.android.support:support-v4:23.0.1:20:5
MERGED from com.google.android.gms:play-services-drive:7.8.0:18:5
MERGED from com.google.android.gms:play-services-base:7.8.0:18:5
MERGED from com.android.support:support-v4:23.0.1:20:5
MERGED from com.google.android.gms:play-services-fitness:7.8.0:18:5
MERGED from com.google.android.gms:play-services-base:7.8.0:18:5
MERGED from com.android.support:support-v4:23.0.1:20:5
MERGED from com.google.android.gms:play-services-location:7.8.0:18:5
MERGED from com.google.android.gms:play-services-base:7.8.0:18:5
MERGED from com.android.support:support-v4:23.0.1:20:5
MERGED from com.google.android.gms:play-services-maps:7.8.0:27:5
MERGED from com.google.android.gms:play-services-base:7.8.0:18:5
MERGED from com.android.support:support-v4:23.0.1:20:5
MERGED from com.google.android.gms:play-services-games:7.8.0:18:5
MERGED from com.google.android.gms:play-services-base:7.8.0:18:5
MERGED from com.android.support:support-v4:23.0.1:20:5
MERGED from com.google.android.gms:play-services-drive:7.8.0:18:5
MERGED from com.google.android.gms:play-services-base:7.8.0:18:5
MERGED from com.android.support:support-v4:23.0.1:20:5
MERGED from com.google.android.gms:play-services-gcm:7.8.0:18:5
MERGED from com.google.android.gms:play-services-base:7.8.0:18:5
MERGED from com.android.support:support-v4:23.0.1:20:5
MERGED from com.google.android.gms:play-services-identity:7.8.0:18:5
MERGED from com.google.android.gms:play-services-base:7.8.0:18:5
MERGED from com.android.support:support-v4:23.0.1:20:5
MERGED from com.google.android.gms:play-services-location:7.8.0:18:5
MERGED from com.google.android.gms:play-services-base:7.8.0:18:5
MERGED from com.android.support:support-v4:23.0.1:20:5
MERGED from com.google.android.gms:play-services-maps:7.8.0:27:5
MERGED from com.google.android.gms:play-services-base:7.8.0:18:5
MERGED from com.android.support:support-v4:23.0.1:20:5
MERGED from com.google.android.gms:play-services-maps:7.8.0:27:5
MERGED from com.google.android.gms:play-services-base:7.8.0:18:5
MERGED from com.android.support:support-v4:23.0.1:20:5
MERGED from com.google.android.gms:play-services-nearby:7.8.0:18:5
MERGED from com.google.android.gms:play-services-base:7.8.0:18:5
MERGED from com.android.support:support-v4:23.0.1:20:5
MERGED from com.google.android.gms:play-services-panorama:7.8.0:18:5
MERGED from com.google.android.gms:play-services-base:7.8.0:18:5
MERGED from com.android.support:support-v4:23.0.1:20:5
MERGED from com.google.android.gms:play-services-plus:7.8.0:18:5
MERGED from com.google.android.gms:play-services-base:7.8.0:18:5
MERGED from com.android.support:support-v4:23.0.1:20:5
MERGED from com.google.android.gms:play-services-safetynet:7.8.0:18:5
MERGED from com.google.android.gms:play-services-base:7.8.0:18:5
MERGED from com.android.support:support-v4:23.0.1:20:5
MERGED from com.google.android.gms:play-services-vision:7.8.0:4:5
MERGED from com.google.android.gms:play-services-base:7.8.0:18:5
MERGED from com.android.support:support-v4:23.0.1:20:5
MERGED from com.google.android.gms:play-services-wallet:7.8.0:19:5
MERGED from com.google.android.gms:play-services-base:7.8.0:18:5
MERGED from com.android.support:support-v4:23.0.1:20:5
MERGED from com.google.android.gms:play-services-identity:7.8.0:18:5
MERGED from com.google.android.gms:play-services-base:7.8.0:18:5
MERGED from com.android.support:support-v4:23.0.1:20:5
MERGED from com.google.android.gms:play-services-maps:7.8.0:27:5
MERGED from com.google.android.gms:play-services-base:7.8.0:18:5
MERGED from com.android.support:support-v4:23.0.1:20:5
MERGED from com.google.android.gms:play-services-wearable:7.8.0:18:5
MERGED from com.google.android.gms:play-services-base:7.8.0:18:5
MERGED from com.android.support:support-v4:23.0.1:20:5
	android:targetSdkVersion
		INJECTED from AndroidManifest.xml:0:0
		INJECTED from AndroidManifest.xml:0:0
	android:minSdkVersion
		INJECTED from AndroidManifest.xml:0:0
		INJECTED from AndroidManifest.xml:0:0
uses-permission#android.permission.ACCESS_NETWORK_STATE
ADDED from com.google.android.gms:play-services-ads:7.8.0:21:5
MERGED from com.google.android.gms:play-services-analytics:7.8.0:22:5
MERGED from com.google.android.gms:play-services-analytics:7.8.0:22:5
MERGED from com.google.android.gms:play-services-maps:7.8.0:20:5
MERGED from com.google.android.gms:play-services-maps:7.8.0:20:5
MERGED from com.google.android.gms:play-services-maps:7.8.0:20:5
MERGED from com.google.android.gms:play-services-nearby:7.8.0:19:5
MERGED from com.google.android.gms:play-services-maps:7.8.0:20:5
	android:name
		ADDED from com.google.android.gms:play-services-ads:7.8.0:21:22
activity#com.google.android.gms.ads.AdActivity
ADDED from com.google.android.gms:play-services-ads:7.8.0:26:9
	android:configChanges
		ADDED from com.google.android.gms:play-services-ads:7.8.0:28:13
	android:theme
		ADDED from com.google.android.gms:play-services-ads:7.8.0:29:13
	android:name
		ADDED from com.google.android.gms:play-services-ads:7.8.0:27:13
activity#com.google.android.gms.ads.purchase.InAppPurchaseActivity
ADDED from com.google.android.gms:play-services-ads:7.8.0:30:9
	android:theme
		ADDED from com.google.android.gms:play-services-ads:7.8.0:31:13
	android:name
		ADDED from com.google.android.gms:play-services-ads:7.8.0:30:19
android:uses-permission#android.permission.READ_EXTERNAL_STORAGE
IMPLIED from AndroidManifest.xml:2:1 reason: com.google.android.gms.maps requested WRITE_EXTERNAL_STORAGE
uses-permission#com.google.android.c2dm.permission.RECEIVE
ADDED from com.google.android.gms:play-services-gcm:7.8.0:21:5
	android:name
		ADDED from com.google.android.gms:play-services-gcm:7.8.0:21:22
uses-permission#android.permission.GET_ACCOUNTS
ADDED from com.google.android.gms:play-services-wallet:7.8.0:21:5
	android:name
		ADDED from com.google.android.gms:play-services-wallet:7.8.0:21:22
uses-permission#android.permission.USE_CREDENTIALS
ADDED from com.google.android.gms:play-services-wallet:7.8.0:22:5
	android:name
		ADDED from com.google.android.gms:play-services-wallet:7.8.0:22:22